<?xml version="1.0" encoding="UTF-8"?>
<!-- Generated by org.testng.reporters.JUnitReportReporter -->
<testsuite hostname="TeamOs-PC" failures="0" tests="4" name="TestCase_Selenium4_TestNG_Jenkins_GitCloud.TestCaseFor_LoginPage" time="42.178" errors="0" timestamp="2023-06-07T14:02:46 BDT" skipped="0">
  <testcase classname="TestCase_Selenium4_TestNG_Jenkins_GitCloud.TestCaseFor_LoginPage" name="InvalidUsernameInvalidPasswordForLoginPage" time="15.669"/>
  <system-out/>
  <testcase classname="TestCase_Selenium4_TestNG_Jenkins_GitCloud.TestCaseFor_LoginPage" name="validUsernamePasswordForLoginPage" time="10.828"/>
  <system-out/>
  <testcase classname="TestCase_Selenium4_TestNG_Jenkins_GitCloud.TestCaseFor_LoginPage" name="InvalidUsernameValidPasswordForLoginPage" time="9.227"/>
  <system-out/>
  <testcase classname="TestCase_Selenium4_TestNG_Jenkins_GitCloud.TestCaseFor_LoginPage" name="validUsernameInvalidPasswordForLoginPage" time="6.454"/>
  <system-out/>
</testsuite> <!-- TestCase_Selenium4_TestNG_Jenkins_GitCloud.TestCaseFor_LoginPage -->
