<?xml version="1.0" encoding="UTF-8"?>
<!-- Generated by org.testng.reporters.JUnitReportReporter -->
<testsuite hostname="TeamOs-PC" failures="0" tests="4" name="TestCase_Selenium4_TestNG_Jenkins_GitCloud.TestCaseFor_LoginPage" time="32.402" errors="0" timestamp="2023-06-07T12:02:41 BDT" skipped="0">
  <testcase classname="TestCase_Selenium4_TestNG_Jenkins_GitCloud.TestCaseFor_LoginPage" name="validUsernameInvalidPasswordForLoginPage" time="8.649"/>
  <system-out/>
  <testcase classname="TestCase_Selenium4_TestNG_Jenkins_GitCloud.TestCaseFor_LoginPage" name="validUsernamePasswordForLoginPage" time="6.866"/>
  <system-out/>
  <testcase classname="TestCase_Selenium4_TestNG_Jenkins_GitCloud.TestCaseFor_LoginPage" name="InvalidUsernameValidPasswordForLoginPage" time="9.401"/>
  <system-out/>
  <testcase classname="TestCase_Selenium4_TestNG_Jenkins_GitCloud.TestCaseFor_LoginPage" name="InvalidUsernameInvalidPasswordForLoginPage" time="7.486"/>
  <system-out/>
</testsuite> <!-- TestCase_Selenium4_TestNG_Jenkins_GitCloud.TestCaseFor_LoginPage -->
