<?xml version="1.0" encoding="UTF-8"?>
<!-- Generated by org.testng.reporters.JUnitReportReporter -->
<testsuite hostname="TeamOs-PC" failures="0" tests="5" name="TestCase_Selenium4_TestNG_Jenkins_GitCloud.TestCaseFor_LoginPage" time="50.212" errors="0" timestamp="2023-06-07T14:14:37 BDT" skipped="0">
  <testcase classname="TestCase_Selenium4_TestNG_Jenkins_GitCloud.TestCaseFor_LoginPage" name="InvalidUsernameValidPasswordForLoginPage" time="12.500"/>
  <system-out/>
  <testcase classname="TestCase_Selenium4_TestNG_Jenkins_GitCloud.TestCaseFor_LoginPage" name="validUsernameInvalidPasswordForLoginPage" time="7.230"/>
  <system-out/>
  <testcase classname="TestCase_Selenium4_TestNG_Jenkins_GitCloud.TestCaseFor_LoginPage" name="InvalidUsernameInvalidPasswordForLoginPage" time="15.060"/>
  <system-out/>
  <testcase classname="TestCase_Selenium4_TestNG_Jenkins_GitCloud.TestCaseFor_LoginPage" name="EmptyUsernamePasswordForLoginPage" time="7.697"/>
  <system-out/>
  <testcase classname="TestCase_Selenium4_TestNG_Jenkins_GitCloud.TestCaseFor_LoginPage" name="validUsernamePasswordForLoginPage" time="7.725"/>
  <system-out/>
</testsuite> <!-- TestCase_Selenium4_TestNG_Jenkins_GitCloud.TestCaseFor_LoginPage -->
